Grammar

    0 $accept: Program $end

    1 Program: ExtDefList

    2 ExtDefList: ExtDef ExtDefList
    3           | ε

    4 ExtDef: Specifier ExtDecList SEMI
    5       | Specifier SEMI
    6       | Specifier FunDec SEMI
    7       | Specifier FunDec CompSt
    8       | Specifier error SEMI
    9       | error SEMI
   10       | Specifier error

   11 ExtDecList: VarDec
   12           | VarDec COMMA ExtDecList
   13           | VarDec error COMMA ExtDecList

   14 Specifier: TYPE
   15          | StructSpecifier

   16 StructSpecifier: STRUCT OptTag LC DefList RC
   17                | STRUCT Tag
   18                | STRUCT error LC DefList RC
   19                | STRUCT OptTag LC error RC
   20                | STRUCT OptTag LC error
   21                | STRUCT error

   22 OptTag: ID
   23       | ε

   24 Tag: ID

   25 VarDec: ID
   26       | VarDec LB INT RB
   27       | VarDec LB error RB
   28       | VarDec LB error

   29 FunDec: ID LP VarList RP
   30       | ID LP RP
   31       | ID LP error RP
   32       | ID LP error

   33 VarList: ParamDec COMMA VarList
   34        | ParamDec

   35 ParamDec: Specifier VarDec

   36 CompSt: LC DefList StmtList RC

   37 StmtList: Stmt StmtList
   38         | ε

   39 Stmt: Exp SEMI
   40     | CompSt
   41     | RETURN Exp SEMI
   42     | IF LP Exp RP Stmt
   43     | IF LP Exp RP Stmt ELSE Stmt
   44     | WHILE LP Exp RP Stmt
   45     | error SEMI
   46     | IF LP error RP Stmt
   47     | IF LP Exp RP error ELSE Stmt
   48     | IF LP error RP ELSE Stmt
   49     | error LP Exp RP Stmt

   50 DefList: Def DefList
   51        | ε

   52 Def: Specifier DecList SEMI

   53 DecList: Dec
   54        | Dec COMMA DecList
   55        | Dec error DecList

   56 Dec: VarDec
   57    | VarDec ASSIGNOP Exp
   58    | error ASSIGNOP Exp

   59 Exp: Exp ASSIGNOP Exp
   60    | Exp AND Exp
   61    | Exp OR Exp
   62    | Exp RELOP Exp
   63    | Exp PLUS Exp
   64    | Exp MINUS Exp
   65    | Exp STAR Exp
   66    | Exp DIV Exp
   67    | LP Exp RP
   68    | MINUS Exp
   69    | NOT Exp
   70    | ID LP Args RP
   71    | ID LP RP
   72    | Exp LB Exp RB
   73    | Exp DOT ID
   74    | ID
   75    | INT
   76    | FLOAT
   77    | Exp ASSIGNOP error
   78    | Exp AND error
   79    | Exp OR error
   80    | Exp RELOP error
   81    | Exp PLUS error
   82    | Exp MINUS error
   83    | Exp STAR error
   84    | Exp DIV error
   85    | ID LP error RP
   86    | Exp LB error RB

   87 Args: Exp COMMA Args
   88     | Exp


Terminals, with rules where they appear

    $end (0) 0
    error (256) 8 9 10 13 18 19 20 21 27 28 31 32 45 46 47 48 49 55 58 77 78 79 80 81 82 83 84 85 86
    INT (258) 26 75
    FLOAT (259) 76
    ID (260) 22 24 25 29 30 31 32 70 71 73 74 85
    SEMI (261) 4 5 6 8 9 39 41 45 52
    COMMA (262) 12 13 33 54 87
    ASSIGNOP (263) 57 58 59 77
    RELOP (264) 62 80
    PLUS (265) 63 81
    MINUS (266) 64 68 82
    STAR (267) 65 83
    DIV (268) 66 84
    AND (269) 60 78
    OR (270) 61 79
    DOT (271) 73
    NOT (272) 69
    TYPE (273) 14
    LP (274) 29 30 31 32 42 43 44 46 47 48 49 67 70 71 85
    RP (275) 29 30 31 42 43 44 46 47 48 49 67 70 71 85
    LB (276) 26 27 28 72 86
    RB (277) 26 27 72 86
    LC (278) 16 18 19 20 36
    RC (279) 16 18 19 36
    STRUCT (280) 16 17 18 19 20 21
    RETURN (281) 41
    IF (282) 42 43 46 47 48
    ELSE (283) 43 47 48
    WHILE (284) 44
    LOWER_THAN_ELSE (285)


Nonterminals, with rules where they appear

    $accept (31)
        on left: 0
    Program (32)
        on left: 1
        on right: 0
    ExtDefList (33)
        on left: 2 3
        on right: 1 2
    ExtDef (34)
        on left: 4 5 6 7 8 9 10
        on right: 2
    ExtDecList (35)
        on left: 11 12 13
        on right: 4 12 13
    Specifier (36)
        on left: 14 15
        on right: 4 5 6 7 8 10 35 52
    StructSpecifier (37)
        on left: 16 17 18 19 20 21
        on right: 15
    OptTag (38)
        on left: 22 23
        on right: 16 19 20
    Tag (39)
        on left: 24
        on right: 17
    VarDec (40)
        on left: 25 26 27 28
        on right: 11 12 13 26 27 28 35 56 57
    FunDec (41)
        on left: 29 30 31 32
        on right: 6 7
    VarList (42)
        on left: 33 34
        on right: 29 33
    ParamDec (43)
        on left: 35
        on right: 33 34
    CompSt (44)
        on left: 36
        on right: 7 40
    StmtList (45)
        on left: 37 38
        on right: 36 37
    Stmt (46)
        on left: 39 40 41 42 43 44 45 46 47 48 49
        on right: 37 42 43 44 46 47 48 49
    DefList (47)
        on left: 50 51
        on right: 16 18 36 50
    Def (48)
        on left: 52
        on right: 50
    DecList (49)
        on left: 53 54 55
        on right: 52 54 55
    Dec (50)
        on left: 56 57 58
        on right: 53 54 55
    Exp (51)
        on left: 59 60 61 62 63 64 65 66 67 68 69 70 71 72 73 74 75 76 77 78 79 80 81 82 83 84 85 86
        on right: 39 41 42 43 44 47 49 57 58 59 60 61 62 63 64 65 66 67 68 69 72 73 77 78 79 80 81 82 83 84 86 87 88
    Args (52)
        on left: 87 88
        on right: 70 87


State 0

    0 $accept: • Program $end

    error   shift, and go to state 1
    TYPE    shift, and go to state 2
    STRUCT  shift, and go to state 3

    $end  reduce using rule 3 (ExtDefList)

    Program          go to state 4
    ExtDefList       go to state 5
    ExtDef           go to state 6
    Specifier        go to state 7
    StructSpecifier  go to state 8


State 1

    9 ExtDef: error • SEMI

    SEMI  shift, and go to state 9


State 2

   14 Specifier: TYPE •

    $default  reduce using rule 14 (Specifier)


State 3

   16 StructSpecifier: STRUCT • OptTag LC DefList RC
   17                | STRUCT • Tag
   18                | STRUCT • error LC DefList RC
   19                | STRUCT • OptTag LC error RC
   20                | STRUCT • OptTag LC error
   21                | STRUCT • error

    error  shift, and go to state 10
    ID     shift, and go to state 11

    LC  reduce using rule 23 (OptTag)

    OptTag  go to state 12
    Tag     go to state 13


State 4

    0 $accept: Program • $end

    $end  shift, and go to state 14


State 5

    1 Program: ExtDefList •

    $default  reduce using rule 1 (Program)


State 6

    2 ExtDefList: ExtDef • ExtDefList

    error   shift, and go to state 1
    TYPE    shift, and go to state 2
    STRUCT  shift, and go to state 3

    $end  reduce using rule 3 (ExtDefList)

    ExtDefList       go to state 15
    ExtDef           go to state 6
    Specifier        go to state 7
    StructSpecifier  go to state 8


State 7

    4 ExtDef: Specifier • ExtDecList SEMI
    5       | Specifier • SEMI
    6       | Specifier • FunDec SEMI
    7       | Specifier • FunDec CompSt
    8       | Specifier • error SEMI
   10       | Specifier • error

    error  shift, and go to state 16
    ID     shift, and go to state 17
    SEMI   shift, and go to state 18

    ExtDecList  go to state 19
    VarDec      go to state 20
    FunDec      go to state 21


State 8

   15 Specifier: StructSpecifier •

    $default  reduce using rule 15 (Specifier)


State 9

    9 ExtDef: error SEMI •

    $default  reduce using rule 9 (ExtDef)


State 10

   18 StructSpecifier: STRUCT error • LC DefList RC
   21                | STRUCT error •

    LC  shift, and go to state 22

    $default  reduce using rule 21 (StructSpecifier)


State 11

   22 OptTag: ID •
   24 Tag: ID •

    LC        reduce using rule 22 (OptTag)
    $default  reduce using rule 24 (Tag)


State 12

   16 StructSpecifier: STRUCT OptTag • LC DefList RC
   19                | STRUCT OptTag • LC error RC
   20                | STRUCT OptTag • LC error

    LC  shift, and go to state 23


State 13

   17 StructSpecifier: STRUCT Tag •

    $default  reduce using rule 17 (StructSpecifier)


State 14

    0 $accept: Program $end •

    $default  accept


State 15

    2 ExtDefList: ExtDef ExtDefList •

    $default  reduce using rule 2 (ExtDefList)


State 16

    8 ExtDef: Specifier error • SEMI
   10       | Specifier error •

    SEMI  shift, and go to state 24

    $default  reduce using rule 10 (ExtDef)


State 17

   25 VarDec: ID •
   29 FunDec: ID • LP VarList RP
   30       | ID • LP RP
   31       | ID • LP error RP
   32       | ID • LP error

    LP  shift, and go to state 25

    $default  reduce using rule 25 (VarDec)


State 18

    5 ExtDef: Specifier SEMI •

    $default  reduce using rule 5 (ExtDef)


State 19

    4 ExtDef: Specifier ExtDecList • SEMI

    SEMI  shift, and go to state 26


State 20

   11 ExtDecList: VarDec •
   12           | VarDec • COMMA ExtDecList
   13           | VarDec • error COMMA ExtDecList
   26 VarDec: VarDec • LB INT RB
   27       | VarDec • LB error RB
   28       | VarDec • LB error

    error  shift, and go to state 27
    COMMA  shift, and go to state 28
    LB     shift, and go to state 29

    SEMI  reduce using rule 11 (ExtDecList)


State 21

    6 ExtDef: Specifier FunDec • SEMI
    7       | Specifier FunDec • CompSt

    SEMI  shift, and go to state 30
    LC    shift, and go to state 31

    CompSt  go to state 32


State 22

   18 StructSpecifier: STRUCT error LC • DefList RC

    TYPE    shift, and go to state 2
    STRUCT  shift, and go to state 3

    $default  reduce using rule 51 (DefList)

    Specifier        go to state 33
    StructSpecifier  go to state 8
    DefList          go to state 34
    Def              go to state 35


State 23

   16 StructSpecifier: STRUCT OptTag LC • DefList RC
   19                | STRUCT OptTag LC • error RC
   20                | STRUCT OptTag LC • error

    error   shift, and go to state 36
    TYPE    shift, and go to state 2
    STRUCT  shift, and go to state 3

    RC  reduce using rule 51 (DefList)

    Specifier        go to state 33
    StructSpecifier  go to state 8
    DefList          go to state 37
    Def              go to state 35


State 24

    8 ExtDef: Specifier error SEMI •

    $default  reduce using rule 8 (ExtDef)


State 25

   29 FunDec: ID LP • VarList RP
   30       | ID LP • RP
   31       | ID LP • error RP
   32       | ID LP • error

    error   shift, and go to state 38
    TYPE    shift, and go to state 2
    RP      shift, and go to state 39
    STRUCT  shift, and go to state 3

    Specifier        go to state 40
    StructSpecifier  go to state 8
    VarList          go to state 41
    ParamDec         go to state 42


State 26

    4 ExtDef: Specifier ExtDecList SEMI •

    $default  reduce using rule 4 (ExtDef)


State 27

   13 ExtDecList: VarDec error • COMMA ExtDecList

    COMMA  shift, and go to state 43


State 28

   12 ExtDecList: VarDec COMMA • ExtDecList

    ID  shift, and go to state 44

    ExtDecList  go to state 45
    VarDec      go to state 20


State 29

   26 VarDec: VarDec LB • INT RB
   27       | VarDec LB • error RB
   28       | VarDec LB • error

    error  shift, and go to state 46
    INT    shift, and go to state 47


State 30

    6 ExtDef: Specifier FunDec SEMI •

    $default  reduce using rule 6 (ExtDef)


State 31

   36 CompSt: LC • DefList StmtList RC

    TYPE    shift, and go to state 2
    STRUCT  shift, and go to state 3

    $default  reduce using rule 51 (DefList)

    Specifier        go to state 33
    StructSpecifier  go to state 8
    DefList          go to state 48
    Def              go to state 35


State 32

    7 ExtDef: Specifier FunDec CompSt •

    $default  reduce using rule 7 (ExtDef)


State 33

   52 Def: Specifier • DecList SEMI

    error  shift, and go to state 49
    ID     shift, and go to state 44

    VarDec   go to state 50
    DecList  go to state 51
    Dec      go to state 52


State 34

   18 StructSpecifier: STRUCT error LC DefList • RC

    RC  shift, and go to state 53


State 35

   50 DefList: Def • DefList

    TYPE    shift, and go to state 2
    STRUCT  shift, and go to state 3

    $default  reduce using rule 51 (DefList)

    Specifier        go to state 33
    StructSpecifier  go to state 8
    DefList          go to state 54
    Def              go to state 35


State 36

   19 StructSpecifier: STRUCT OptTag LC error • RC
   20                | STRUCT OptTag LC error •

    RC  shift, and go to state 55

    $default  reduce using rule 20 (StructSpecifier)


State 37

   16 StructSpecifier: STRUCT OptTag LC DefList • RC

    RC  shift, and go to state 56


State 38

   31 FunDec: ID LP error • RP
   32       | ID LP error •

    RP  shift, and go to state 57

    $default  reduce using rule 32 (FunDec)


State 39

   30 FunDec: ID LP RP •

    $default  reduce using rule 30 (FunDec)


State 40

   35 ParamDec: Specifier • VarDec

    ID  shift, and go to state 44

    VarDec  go to state 58


State 41

   29 FunDec: ID LP VarList • RP

    RP  shift, and go to state 59


State 42

   33 VarList: ParamDec • COMMA VarList
   34        | ParamDec •

    COMMA  shift, and go to state 60

    $default  reduce using rule 34 (VarList)


State 43

   13 ExtDecList: VarDec error COMMA • ExtDecList

    ID  shift, and go to state 44

    ExtDecList  go to state 61
    VarDec      go to state 20


State 44

   25 VarDec: ID •

    $default  reduce using rule 25 (VarDec)


State 45

   12 ExtDecList: VarDec COMMA ExtDecList •

    $default  reduce using rule 12 (ExtDecList)


State 46

   27 VarDec: VarDec LB error • RB
   28       | VarDec LB error •

    RB  shift, and go to state 62

    $default  reduce using rule 28 (VarDec)


State 47

   26 VarDec: VarDec LB INT • RB

    RB  shift, and go to state 63


State 48

   36 CompSt: LC DefList • StmtList RC

    error   shift, and go to state 64
    INT     shift, and go to state 65
    FLOAT   shift, and go to state 66
    ID      shift, and go to state 67
    MINUS   shift, and go to state 68
    NOT     shift, and go to state 69
    LP      shift, and go to state 70
    LC      shift, and go to state 31
    RETURN  shift, and go to state 71
    IF      shift, and go to state 72
    WHILE   shift, and go to state 73

    RC  reduce using rule 38 (StmtList)

    CompSt    go to state 74
    StmtList  go to state 75
    Stmt      go to state 76
    Exp       go to state 77


State 49

   58 Dec: error • ASSIGNOP Exp

    ASSIGNOP  shift, and go to state 78


State 50

   26 VarDec: VarDec • LB INT RB
   27       | VarDec • LB error RB
   28       | VarDec • LB error
   56 Dec: VarDec •
   57    | VarDec • ASSIGNOP Exp

    ASSIGNOP  shift, and go to state 79
    LB        shift, and go to state 29

    $default  reduce using rule 56 (Dec)


State 51

   52 Def: Specifier DecList • SEMI

    SEMI  shift, and go to state 80


State 52

   53 DecList: Dec •
   54        | Dec • COMMA DecList
   55        | Dec • error DecList

    error  shift, and go to state 81
    COMMA  shift, and go to state 82

    SEMI  reduce using rule 53 (DecList)


State 53

   18 StructSpecifier: STRUCT error LC DefList RC •

    $default  reduce using rule 18 (StructSpecifier)


State 54

   50 DefList: Def DefList •

    $default  reduce using rule 50 (DefList)


State 55

   19 StructSpecifier: STRUCT OptTag LC error RC •

    $default  reduce using rule 19 (StructSpecifier)


State 56

   16 StructSpecifier: STRUCT OptTag LC DefList RC •

    $default  reduce using rule 16 (StructSpecifier)


State 57

   31 FunDec: ID LP error RP •

    $default  reduce using rule 31 (FunDec)


State 58

   26 VarDec: VarDec • LB INT RB
   27       | VarDec • LB error RB
   28       | VarDec • LB error
   35 ParamDec: Specifier VarDec •

    LB  shift, and go to state 29

    $default  reduce using rule 35 (ParamDec)


State 59

   29 FunDec: ID LP VarList RP •

    $default  reduce using rule 29 (FunDec)


State 60

   33 VarList: ParamDec COMMA • VarList

    TYPE    shift, and go to state 2
    STRUCT  shift, and go to state 3

    Specifier        go to state 40
    StructSpecifier  go to state 8
    VarList          go to state 83
    ParamDec         go to state 42


State 61

   13 ExtDecList: VarDec error COMMA ExtDecList •

    $default  reduce using rule 13 (ExtDecList)


State 62

   27 VarDec: VarDec LB error RB •

    $default  reduce using rule 27 (VarDec)


State 63

   26 VarDec: VarDec LB INT RB •

    $default  reduce using rule 26 (VarDec)


State 64

   45 Stmt: error • SEMI
   49     | error • LP Exp RP Stmt

    SEMI  shift, and go to state 84
    LP    shift, and go to state 85


State 65

   75 Exp: INT •

    $default  reduce using rule 75 (Exp)


State 66

   76 Exp: FLOAT •

    $default  reduce using rule 76 (Exp)


State 67

   70 Exp: ID • LP Args RP
   71    | ID • LP RP
   74    | ID •
   85    | ID • LP error RP

    LP  shift, and go to state 86

    $default  reduce using rule 74 (Exp)


State 68

   68 Exp: MINUS • Exp

    INT    shift, and go to state 65
    FLOAT  shift, and go to state 66
    ID     shift, and go to state 67
    MINUS  shift, and go to state 68
    NOT    shift, and go to state 69
    LP     shift, and go to state 70

    Exp  go to state 87


State 69

   69 Exp: NOT • Exp

    INT    shift, and go to state 65
    FLOAT  shift, and go to state 66
    ID     shift, and go to state 67
    MINUS  shift, and go to state 68
    NOT    shift, and go to state 69
    LP     shift, and go to state 70

    Exp  go to state 88


State 70

   67 Exp: LP • Exp RP

    INT    shift, and go to state 65
    FLOAT  shift, and go to state 66
    ID     shift, and go to state 67
    MINUS  shift, and go to state 68
    NOT    shift, and go to state 69
    LP     shift, and go to state 70

    Exp  go to state 89


State 71

   41 Stmt: RETURN • Exp SEMI

    INT    shift, and go to state 65
    FLOAT  shift, and go to state 66
    ID     shift, and go to state 67
    MINUS  shift, and go to state 68
    NOT    shift, and go to state 69
    LP     shift, and go to state 70

    Exp  go to state 90


State 72

   42 Stmt: IF • LP Exp RP Stmt
   43     | IF • LP Exp RP Stmt ELSE Stmt
   46     | IF • LP error RP Stmt
   47     | IF • LP Exp RP error ELSE Stmt
   48     | IF • LP error RP ELSE Stmt

    LP  shift, and go to state 91


State 73

   44 Stmt: WHILE • LP Exp RP Stmt

    LP  shift, and go to state 92


State 74

   40 Stmt: CompSt •

    $default  reduce using rule 40 (Stmt)


State 75

   36 CompSt: LC DefList StmtList • RC

    RC  shift, and go to state 93


State 76

   37 StmtList: Stmt • StmtList

    error   shift, and go to state 64
    INT     shift, and go to state 65
    FLOAT   shift, and go to state 66
    ID      shift, and go to state 67
    MINUS   shift, and go to state 68
    NOT     shift, and go to state 69
    LP      shift, and go to state 70
    LC      shift, and go to state 31
    RETURN  shift, and go to state 71
    IF      shift, and go to state 72
    WHILE   shift, and go to state 73

    RC  reduce using rule 38 (StmtList)

    CompSt    go to state 74
    StmtList  go to state 94
    Stmt      go to state 76
    Exp       go to state 77


State 77

   39 Stmt: Exp • SEMI
   59 Exp: Exp • ASSIGNOP Exp
   60    | Exp • AND Exp
   61    | Exp • OR Exp
   62    | Exp • RELOP Exp
   63    | Exp • PLUS Exp
   64    | Exp • MINUS Exp
   65    | Exp • STAR Exp
   66    | Exp • DIV Exp
   72    | Exp • LB Exp RB
   73    | Exp • DOT ID
   77    | Exp • ASSIGNOP error
   78    | Exp • AND error
   79    | Exp • OR error
   80    | Exp • RELOP error
   81    | Exp • PLUS error
   82    | Exp • MINUS error
   83    | Exp • STAR error
   84    | Exp • DIV error
   86    | Exp • LB error RB

    SEMI      shift, and go to state 95
    ASSIGNOP  shift, and go to state 96
    RELOP     shift, and go to state 97
    PLUS      shift, and go to state 98
    MINUS     shift, and go to state 99
    STAR      shift, and go to state 100
    DIV       shift, and go to state 101
    AND       shift, and go to state 102
    OR        shift, and go to state 103
    DOT       shift, and go to state 104
    LB        shift, and go to state 105


State 78

   58 Dec: error ASSIGNOP • Exp

    INT    shift, and go to state 65
    FLOAT  shift, and go to state 66
    ID     shift, and go to state 67
    MINUS  shift, and go to state 68
    NOT    shift, and go to state 69
    LP     shift, and go to state 70

    Exp  go to state 106


State 79

   57 Dec: VarDec ASSIGNOP • Exp

    INT    shift, and go to state 65
    FLOAT  shift, and go to state 66
    ID     shift, and go to state 67
    MINUS  shift, and go to state 68
    NOT    shift, and go to state 69
    LP     shift, and go to state 70

    Exp  go to state 107


State 80

   52 Def: Specifier DecList SEMI •

    $default  reduce using rule 52 (Def)


State 81

   55 DecList: Dec error • DecList

    error  shift, and go to state 49
    ID     shift, and go to state 44

    VarDec   go to state 50
    DecList  go to state 108
    Dec      go to state 52


State 82

   54 DecList: Dec COMMA • DecList

    error  shift, and go to state 49
    ID     shift, and go to state 44

    VarDec   go to state 50
    DecList  go to state 109
    Dec      go to state 52


State 83

   33 VarList: ParamDec COMMA VarList •

    $default  reduce using rule 33 (VarList)


State 84

   45 Stmt: error SEMI •

    $default  reduce using rule 45 (Stmt)


State 85

   49 Stmt: error LP • Exp RP Stmt

    INT    shift, and go to state 65
    FLOAT  shift, and go to state 66
    ID     shift, and go to state 67
    MINUS  shift, and go to state 68
    NOT    shift, and go to state 69
    LP     shift, and go to state 70

    Exp  go to state 110


State 86

   70 Exp: ID LP • Args RP
   71    | ID LP • RP
   85    | ID LP • error RP

    error  shift, and go to state 111
    INT    shift, and go to state 65
    FLOAT  shift, and go to state 66
    ID     shift, and go to state 67
    MINUS  shift, and go to state 68
    NOT    shift, and go to state 69
    LP     shift, and go to state 70
    RP     shift, and go to state 112

    Exp   go to state 113
    Args  go to state 114


State 87

   59 Exp: Exp • ASSIGNOP Exp
   60    | Exp • AND Exp
   61    | Exp • OR Exp
   62    | Exp • RELOP Exp
   63    | Exp • PLUS Exp
   64    | Exp • MINUS Exp
   65    | Exp • STAR Exp
   66    | Exp • DIV Exp
   68    | MINUS Exp •
   72    | Exp • LB Exp RB
   73    | Exp • DOT ID
   77    | Exp • ASSIGNOP error
   78    | Exp • AND error
   79    | Exp • OR error
   80    | Exp • RELOP error
   81    | Exp • PLUS error
   82    | Exp • MINUS error
   83    | Exp • STAR error
   84    | Exp • DIV error
   86    | Exp • LB error RB

    STAR  shift, and go to state 100
    DIV   shift, and go to state 101
    DOT   shift, and go to state 104
    LB    shift, and go to state 105

    $default  reduce using rule 68 (Exp)


State 88

   59 Exp: Exp • ASSIGNOP Exp
   60    | Exp • AND Exp
   61    | Exp • OR Exp
   62    | Exp • RELOP Exp
   63    | Exp • PLUS Exp
   64    | Exp • MINUS Exp
   65    | Exp • STAR Exp
   66    | Exp • DIV Exp
   69    | NOT Exp •
   72    | Exp • LB Exp RB
   73    | Exp • DOT ID
   77    | Exp • ASSIGNOP error
   78    | Exp • AND error
   79    | Exp • OR error
   80    | Exp • RELOP error
   81    | Exp • PLUS error
   82    | Exp • MINUS error
   83    | Exp • STAR error
   84    | Exp • DIV error
   86    | Exp • LB error RB

    DOT  shift, and go to state 104
    LB   shift, and go to state 105

    $default  reduce using rule 69 (Exp)


State 89

   59 Exp: Exp • ASSIGNOP Exp
   60    | Exp • AND Exp
   61    | Exp • OR Exp
   62    | Exp • RELOP Exp
   63    | Exp • PLUS Exp
   64    | Exp • MINUS Exp
   65    | Exp • STAR Exp
   66    | Exp • DIV Exp
   67    | LP Exp • RP
   72    | Exp • LB Exp RB
   73    | Exp • DOT ID
   77    | Exp • ASSIGNOP error
   78    | Exp • AND error
   79    | Exp • OR error
   80    | Exp • RELOP error
   81    | Exp • PLUS error
   82    | Exp • MINUS error
   83    | Exp • STAR error
   84    | Exp • DIV error
   86    | Exp • LB error RB

    ASSIGNOP  shift, and go to state 96
    RELOP     shift, and go to state 97
    PLUS      shift, and go to state 98
    MINUS     shift, and go to state 99
    STAR      shift, and go to state 100
    DIV       shift, and go to state 101
    AND       shift, and go to state 102
    OR        shift, and go to state 103
    DOT       shift, and go to state 104
    RP        shift, and go to state 115
    LB        shift, and go to state 105


State 90

   41 Stmt: RETURN Exp • SEMI
   59 Exp: Exp • ASSIGNOP Exp
   60    | Exp • AND Exp
   61    | Exp • OR Exp
   62    | Exp • RELOP Exp
   63    | Exp • PLUS Exp
   64    | Exp • MINUS Exp
   65    | Exp • STAR Exp
   66    | Exp • DIV Exp
   72    | Exp • LB Exp RB
   73    | Exp • DOT ID
   77    | Exp • ASSIGNOP error
   78    | Exp • AND error
   79    | Exp • OR error
   80    | Exp • RELOP error
   81    | Exp • PLUS error
   82    | Exp • MINUS error
   83    | Exp • STAR error
   84    | Exp • DIV error
   86    | Exp • LB error RB

    SEMI      shift, and go to state 116
    ASSIGNOP  shift, and go to state 96
    RELOP     shift, and go to state 97
    PLUS      shift, and go to state 98
    MINUS     shift, and go to state 99
    STAR      shift, and go to state 100
    DIV       shift, and go to state 101
    AND       shift, and go to state 102
    OR        shift, and go to state 103
    DOT       shift, and go to state 104
    LB        shift, and go to state 105


State 91

   42 Stmt: IF LP • Exp RP Stmt
   43     | IF LP • Exp RP Stmt ELSE Stmt
   46     | IF LP • error RP Stmt
   47     | IF LP • Exp RP error ELSE Stmt
   48     | IF LP • error RP ELSE Stmt

    error  shift, and go to state 117
    INT    shift, and go to state 65
    FLOAT  shift, and go to state 66
    ID     shift, and go to state 67
    MINUS  shift, and go to state 68
    NOT    shift, and go to state 69
    LP     shift, and go to state 70

    Exp  go to state 118


State 92

   44 Stmt: WHILE LP • Exp RP Stmt

    INT    shift, and go to state 65
    FLOAT  shift, and go to state 66
    ID     shift, and go to state 67
    MINUS  shift, and go to state 68
    NOT    shift, and go to state 69
    LP     shift, and go to state 70

    Exp  go to state 119


State 93

   36 CompSt: LC DefList StmtList RC •

    $default  reduce using rule 36 (CompSt)


State 94

   37 StmtList: Stmt StmtList •

    $default  reduce using rule 37 (StmtList)


State 95

   39 Stmt: Exp SEMI •

    $default  reduce using rule 39 (Stmt)


State 96

   59 Exp: Exp ASSIGNOP • Exp
   77    | Exp ASSIGNOP • error

    error  shift, and go to state 120
    INT    shift, and go to state 65
    FLOAT  shift, and go to state 66
    ID     shift, and go to state 67
    MINUS  shift, and go to state 68
    NOT    shift, and go to state 69
    LP     shift, and go to state 70

    Exp  go to state 121


State 97

   62 Exp: Exp RELOP • Exp
   80    | Exp RELOP • error

    error  shift, and go to state 122
    INT    shift, and go to state 65
    FLOAT  shift, and go to state 66
    ID     shift, and go to state 67
    MINUS  shift, and go to state 68
    NOT    shift, and go to state 69
    LP     shift, and go to state 70

    Exp  go to state 123


State 98

   63 Exp: Exp PLUS • Exp
   81    | Exp PLUS • error

    error  shift, and go to state 124
    INT    shift, and go to state 65
    FLOAT  shift, and go to state 66
    ID     shift, and go to state 67
    MINUS  shift, and go to state 68
    NOT    shift, and go to state 69
    LP     shift, and go to state 70

    Exp  go to state 125


State 99

   64 Exp: Exp MINUS • Exp
   82    | Exp MINUS • error

    error  shift, and go to state 126
    INT    shift, and go to state 65
    FLOAT  shift, and go to state 66
    ID     shift, and go to state 67
    MINUS  shift, and go to state 68
    NOT    shift, and go to state 69
    LP     shift, and go to state 70

    Exp  go to state 127


State 100

   65 Exp: Exp STAR • Exp
   83    | Exp STAR • error

    error  shift, and go to state 128
    INT    shift, and go to state 65
    FLOAT  shift, and go to state 66
    ID     shift, and go to state 67
    MINUS  shift, and go to state 68
    NOT    shift, and go to state 69
    LP     shift, and go to state 70

    Exp  go to state 129


State 101

   66 Exp: Exp DIV • Exp
   84    | Exp DIV • error

    error  shift, and go to state 130
    INT    shift, and go to state 65
    FLOAT  shift, and go to state 66
    ID     shift, and go to state 67
    MINUS  shift, and go to state 68
    NOT    shift, and go to state 69
    LP     shift, and go to state 70

    Exp  go to state 131


State 102

   60 Exp: Exp AND • Exp
   78    | Exp AND • error

    error  shift, and go to state 132
    INT    shift, and go to state 65
    FLOAT  shift, and go to state 66
    ID     shift, and go to state 67
    MINUS  shift, and go to state 68
    NOT    shift, and go to state 69
    LP     shift, and go to state 70

    Exp  go to state 133


State 103

   61 Exp: Exp OR • Exp
   79    | Exp OR • error

    error  shift, and go to state 134
    INT    shift, and go to state 65
    FLOAT  shift, and go to state 66
    ID     shift, and go to state 67
    MINUS  shift, and go to state 68
    NOT    shift, and go to state 69
    LP     shift, and go to state 70

    Exp  go to state 135


State 104

   73 Exp: Exp DOT • ID

    ID  shift, and go to state 136


State 105

   72 Exp: Exp LB • Exp RB
   86    | Exp LB • error RB

    error  shift, and go to state 137
    INT    shift, and go to state 65
    FLOAT  shift, and go to state 66
    ID     shift, and go to state 67
    MINUS  shift, and go to state 68
    NOT    shift, and go to state 69
    LP     shift, and go to state 70

    Exp  go to state 138


State 106

   58 Dec: error ASSIGNOP Exp •
   59 Exp: Exp • ASSIGNOP Exp
   60    | Exp • AND Exp
   61    | Exp • OR Exp
   62    | Exp • RELOP Exp
   63    | Exp • PLUS Exp
   64    | Exp • MINUS Exp
   65    | Exp • STAR Exp
   66    | Exp • DIV Exp
   72    | Exp • LB Exp RB
   73    | Exp • DOT ID
   77    | Exp • ASSIGNOP error
   78    | Exp • AND error
   79    | Exp • OR error
   80    | Exp • RELOP error
   81    | Exp • PLUS error
   82    | Exp • MINUS error
   83    | Exp • STAR error
   84    | Exp • DIV error
   86    | Exp • LB error RB

    ASSIGNOP  shift, and go to state 96
    RELOP     shift, and go to state 97
    PLUS      shift, and go to state 98
    MINUS     shift, and go to state 99
    STAR      shift, and go to state 100
    DIV       shift, and go to state 101
    AND       shift, and go to state 102
    OR        shift, and go to state 103
    DOT       shift, and go to state 104
    LB        shift, and go to state 105

    $default  reduce using rule 58 (Dec)


State 107

   57 Dec: VarDec ASSIGNOP Exp •
   59 Exp: Exp • ASSIGNOP Exp
   60    | Exp • AND Exp
   61    | Exp • OR Exp
   62    | Exp • RELOP Exp
   63    | Exp • PLUS Exp
   64    | Exp • MINUS Exp
   65    | Exp • STAR Exp
   66    | Exp • DIV Exp
   72    | Exp • LB Exp RB
   73    | Exp • DOT ID
   77    | Exp • ASSIGNOP error
   78    | Exp • AND error
   79    | Exp • OR error
   80    | Exp • RELOP error
   81    | Exp • PLUS error
   82    | Exp • MINUS error
   83    | Exp • STAR error
   84    | Exp • DIV error
   86    | Exp • LB error RB

    ASSIGNOP  shift, and go to state 96
    RELOP     shift, and go to state 97
    PLUS      shift, and go to state 98
    MINUS     shift, and go to state 99
    STAR      shift, and go to state 100
    DIV       shift, and go to state 101
    AND       shift, and go to state 102
    OR        shift, and go to state 103
    DOT       shift, and go to state 104
    LB        shift, and go to state 105

    $default  reduce using rule 57 (Dec)


State 108

   55 DecList: Dec error DecList •

    $default  reduce using rule 55 (DecList)


State 109

   54 DecList: Dec COMMA DecList •

    $default  reduce using rule 54 (DecList)


State 110

   49 Stmt: error LP Exp • RP Stmt
   59 Exp: Exp • ASSIGNOP Exp
   60    | Exp • AND Exp
   61    | Exp • OR Exp
   62    | Exp • RELOP Exp
   63    | Exp • PLUS Exp
   64    | Exp • MINUS Exp
   65    | Exp • STAR Exp
   66    | Exp • DIV Exp
   72    | Exp • LB Exp RB
   73    | Exp • DOT ID
   77    | Exp • ASSIGNOP error
   78    | Exp • AND error
   79    | Exp • OR error
   80    | Exp • RELOP error
   81    | Exp • PLUS error
   82    | Exp • MINUS error
   83    | Exp • STAR error
   84    | Exp • DIV error
   86    | Exp • LB error RB

    ASSIGNOP  shift, and go to state 96
    RELOP     shift, and go to state 97
    PLUS      shift, and go to state 98
    MINUS     shift, and go to state 99
    STAR      shift, and go to state 100
    DIV       shift, and go to state 101
    AND       shift, and go to state 102
    OR        shift, and go to state 103
    DOT       shift, and go to state 104
    RP        shift, and go to state 139
    LB        shift, and go to state 105


State 111

   85 Exp: ID LP error • RP

    RP  shift, and go to state 140


State 112

   71 Exp: ID LP RP •

    $default  reduce using rule 71 (Exp)


State 113

   59 Exp: Exp • ASSIGNOP Exp
   60    | Exp • AND Exp
   61    | Exp • OR Exp
   62    | Exp • RELOP Exp
   63    | Exp • PLUS Exp
   64    | Exp • MINUS Exp
   65    | Exp • STAR Exp
   66    | Exp • DIV Exp
   72    | Exp • LB Exp RB
   73    | Exp • DOT ID
   77    | Exp • ASSIGNOP error
   78    | Exp • AND error
   79    | Exp • OR error
   80    | Exp • RELOP error
   81    | Exp • PLUS error
   82    | Exp • MINUS error
   83    | Exp • STAR error
   84    | Exp • DIV error
   86    | Exp • LB error RB
   87 Args: Exp • COMMA Args
   88     | Exp •

    COMMA     shift, and go to state 141
    ASSIGNOP  shift, and go to state 96
    RELOP     shift, and go to state 97
    PLUS      shift, and go to state 98
    MINUS     shift, and go to state 99
    STAR      shift, and go to state 100
    DIV       shift, and go to state 101
    AND       shift, and go to state 102
    OR        shift, and go to state 103
    DOT       shift, and go to state 104
    LB        shift, and go to state 105

    $default  reduce using rule 88 (Args)


State 114

   70 Exp: ID LP Args • RP

    RP  shift, and go to state 142


State 115

   67 Exp: LP Exp RP •

    $default  reduce using rule 67 (Exp)


State 116

   41 Stmt: RETURN Exp SEMI •

    $default  reduce using rule 41 (Stmt)


State 117

   46 Stmt: IF LP error • RP Stmt
   48     | IF LP error • RP ELSE Stmt

    RP  shift, and go to state 143


State 118

   42 Stmt: IF LP Exp • RP Stmt
   43     | IF LP Exp • RP Stmt ELSE Stmt
   47     | IF LP Exp • RP error ELSE Stmt
   59 Exp: Exp • ASSIGNOP Exp
   60    | Exp • AND Exp
   61    | Exp • OR Exp
   62    | Exp • RELOP Exp
   63    | Exp • PLUS Exp
   64    | Exp • MINUS Exp
   65    | Exp • STAR Exp
   66    | Exp • DIV Exp
   72    | Exp • LB Exp RB
   73    | Exp • DOT ID
   77    | Exp • ASSIGNOP error
   78    | Exp • AND error
   79    | Exp • OR error
   80    | Exp • RELOP error
   81    | Exp • PLUS error
   82    | Exp • MINUS error
   83    | Exp • STAR error
   84    | Exp • DIV error
   86    | Exp • LB error RB

    ASSIGNOP  shift, and go to state 96
    RELOP     shift, and go to state 97
    PLUS      shift, and go to state 98
    MINUS     shift, and go to state 99
    STAR      shift, and go to state 100
    DIV       shift, and go to state 101
    AND       shift, and go to state 102
    OR        shift, and go to state 103
    DOT       shift, and go to state 104
    RP        shift, and go to state 144
    LB        shift, and go to state 105


State 119

   44 Stmt: WHILE LP Exp • RP Stmt
   59 Exp: Exp • ASSIGNOP Exp
   60    | Exp • AND Exp
   61    | Exp • OR Exp
   62    | Exp • RELOP Exp
   63    | Exp • PLUS Exp
   64    | Exp • MINUS Exp
   65    | Exp • STAR Exp
   66    | Exp • DIV Exp
   72    | Exp • LB Exp RB
   73    | Exp • DOT ID
   77    | Exp • ASSIGNOP error
   78    | Exp • AND error
   79    | Exp • OR error
   80    | Exp • RELOP error
   81    | Exp • PLUS error
   82    | Exp • MINUS error
   83    | Exp • STAR error
   84    | Exp • DIV error
   86    | Exp • LB error RB

    ASSIGNOP  shift, and go to state 96
    RELOP     shift, and go to state 97
    PLUS      shift, and go to state 98
    MINUS     shift, and go to state 99
    STAR      shift, and go to state 100
    DIV       shift, and go to state 101
    AND       shift, and go to state 102
    OR        shift, and go to state 103
    DOT       shift, and go to state 104
    RP        shift, and go to state 145
    LB        shift, and go to state 105


State 120

   77 Exp: Exp ASSIGNOP error •

    $default  reduce using rule 77 (Exp)


State 121

   59 Exp: Exp • ASSIGNOP Exp
   59    | Exp ASSIGNOP Exp •
   60    | Exp • AND Exp
   61    | Exp • OR Exp
   62    | Exp • RELOP Exp
   63    | Exp • PLUS Exp
   64    | Exp • MINUS Exp
   65    | Exp • STAR Exp
   66    | Exp • DIV Exp
   72    | Exp • LB Exp RB
   73    | Exp • DOT ID
   77    | Exp • ASSIGNOP error
   78    | Exp • AND error
   79    | Exp • OR error
   80    | Exp • RELOP error
   81    | Exp • PLUS error
   82    | Exp • MINUS error
   83    | Exp • STAR error
   84    | Exp • DIV error
   86    | Exp • LB error RB

    ASSIGNOP  shift, and go to state 96
    RELOP     shift, and go to state 97
    PLUS      shift, and go to state 98
    MINUS     shift, and go to state 99
    STAR      shift, and go to state 100
    DIV       shift, and go to state 101
    AND       shift, and go to state 102
    OR        shift, and go to state 103
    DOT       shift, and go to state 104
    LB        shift, and go to state 105

    $default  reduce using rule 59 (Exp)


State 122

   80 Exp: Exp RELOP error •

    $default  reduce using rule 80 (Exp)


State 123

   59 Exp: Exp • ASSIGNOP Exp
   60    | Exp • AND Exp
   61    | Exp • OR Exp
   62    | Exp • RELOP Exp
   62    | Exp RELOP Exp •
   63    | Exp • PLUS Exp
   64    | Exp • MINUS Exp
   65    | Exp • STAR Exp
   66    | Exp • DIV Exp
   72    | Exp • LB Exp RB
   73    | Exp • DOT ID
   77    | Exp • ASSIGNOP error
   78    | Exp • AND error
   79    | Exp • OR error
   80    | Exp • RELOP error
   81    | Exp • PLUS error
   82    | Exp • MINUS error
   83    | Exp • STAR error
   84    | Exp • DIV error
   86    | Exp • LB error RB

    PLUS   shift, and go to state 98
    MINUS  shift, and go to state 99
    STAR   shift, and go to state 100
    DIV    shift, and go to state 101
    DOT    shift, and go to state 104
    LB     shift, and go to state 105

    $default  reduce using rule 62 (Exp)


State 124

   81 Exp: Exp PLUS error •

    $default  reduce using rule 81 (Exp)


State 125

   59 Exp: Exp • ASSIGNOP Exp
   60    | Exp • AND Exp
   61    | Exp • OR Exp
   62    | Exp • RELOP Exp
   63    | Exp • PLUS Exp
   63    | Exp PLUS Exp •
   64    | Exp • MINUS Exp
   65    | Exp • STAR Exp
   66    | Exp • DIV Exp
   72    | Exp • LB Exp RB
   73    | Exp • DOT ID
   77    | Exp • ASSIGNOP error
   78    | Exp • AND error
   79    | Exp • OR error
   80    | Exp • RELOP error
   81    | Exp • PLUS error
   82    | Exp • MINUS error
   83    | Exp • STAR error
   84    | Exp • DIV error
   86    | Exp • LB error RB

    STAR  shift, and go to state 100
    DIV   shift, and go to state 101
    DOT   shift, and go to state 104
    LB    shift, and go to state 105

    $default  reduce using rule 63 (Exp)


State 126

   82 Exp: Exp MINUS error •

    $default  reduce using rule 82 (Exp)


State 127

   59 Exp: Exp • ASSIGNOP Exp
   60    | Exp • AND Exp
   61    | Exp • OR Exp
   62    | Exp • RELOP Exp
   63    | Exp • PLUS Exp
   64    | Exp • MINUS Exp
   64    | Exp MINUS Exp •
   65    | Exp • STAR Exp
   66    | Exp • DIV Exp
   72    | Exp • LB Exp RB
   73    | Exp • DOT ID
   77    | Exp • ASSIGNOP error
   78    | Exp • AND error
   79    | Exp • OR error
   80    | Exp • RELOP error
   81    | Exp • PLUS error
   82    | Exp • MINUS error
   83    | Exp • STAR error
   84    | Exp • DIV error
   86    | Exp • LB error RB

    STAR  shift, and go to state 100
    DIV   shift, and go to state 101
    DOT   shift, and go to state 104
    LB    shift, and go to state 105

    $default  reduce using rule 64 (Exp)


State 128

   83 Exp: Exp STAR error •

    $default  reduce using rule 83 (Exp)


State 129

   59 Exp: Exp • ASSIGNOP Exp
   60    | Exp • AND Exp
   61    | Exp • OR Exp
   62    | Exp • RELOP Exp
   63    | Exp • PLUS Exp
   64    | Exp • MINUS Exp
   65    | Exp • STAR Exp
   65    | Exp STAR Exp •
   66    | Exp • DIV Exp
   72    | Exp • LB Exp RB
   73    | Exp • DOT ID
   77    | Exp • ASSIGNOP error
   78    | Exp • AND error
   79    | Exp • OR error
   80    | Exp • RELOP error
   81    | Exp • PLUS error
   82    | Exp • MINUS error
   83    | Exp • STAR error
   84    | Exp • DIV error
   86    | Exp • LB error RB

    DOT  shift, and go to state 104
    LB   shift, and go to state 105

    $default  reduce using rule 65 (Exp)


State 130

   84 Exp: Exp DIV error •

    $default  reduce using rule 84 (Exp)


State 131

   59 Exp: Exp • ASSIGNOP Exp
   60    | Exp • AND Exp
   61    | Exp • OR Exp
   62    | Exp • RELOP Exp
   63    | Exp • PLUS Exp
   64    | Exp • MINUS Exp
   65    | Exp • STAR Exp
   66    | Exp • DIV Exp
   66    | Exp DIV Exp •
   72    | Exp • LB Exp RB
   73    | Exp • DOT ID
   77    | Exp • ASSIGNOP error
   78    | Exp • AND error
   79    | Exp • OR error
   80    | Exp • RELOP error
   81    | Exp • PLUS error
   82    | Exp • MINUS error
   83    | Exp • STAR error
   84    | Exp • DIV error
   86    | Exp • LB error RB

    DOT  shift, and go to state 104
    LB   shift, and go to state 105

    $default  reduce using rule 66 (Exp)


State 132

   78 Exp: Exp AND error •

    $default  reduce using rule 78 (Exp)


State 133

   59 Exp: Exp • ASSIGNOP Exp
   60    | Exp • AND Exp
   60    | Exp AND Exp •
   61    | Exp • OR Exp
   62    | Exp • RELOP Exp
   63    | Exp • PLUS Exp
   64    | Exp • MINUS Exp
   65    | Exp • STAR Exp
   66    | Exp • DIV Exp
   72    | Exp • LB Exp RB
   73    | Exp • DOT ID
   77    | Exp • ASSIGNOP error
   78    | Exp • AND error
   79    | Exp • OR error
   80    | Exp • RELOP error
   81    | Exp • PLUS error
   82    | Exp • MINUS error
   83    | Exp • STAR error
   84    | Exp • DIV error
   86    | Exp • LB error RB

    RELOP  shift, and go to state 97
    PLUS   shift, and go to state 98
    MINUS  shift, and go to state 99
    STAR   shift, and go to state 100
    DIV    shift, and go to state 101
    DOT    shift, and go to state 104
    LB     shift, and go to state 105

    $default  reduce using rule 60 (Exp)


State 134

   79 Exp: Exp OR error •

    $default  reduce using rule 79 (Exp)


State 135

   59 Exp: Exp • ASSIGNOP Exp
   60    | Exp • AND Exp
   61    | Exp • OR Exp
   61    | Exp OR Exp •
   62    | Exp • RELOP Exp
   63    | Exp • PLUS Exp
   64    | Exp • MINUS Exp
   65    | Exp • STAR Exp
   66    | Exp • DIV Exp
   72    | Exp • LB Exp RB
   73    | Exp • DOT ID
   77    | Exp • ASSIGNOP error
   78    | Exp • AND error
   79    | Exp • OR error
   80    | Exp • RELOP error
   81    | Exp • PLUS error
   82    | Exp • MINUS error
   83    | Exp • STAR error
   84    | Exp • DIV error
   86    | Exp • LB error RB

    RELOP  shift, and go to state 97
    PLUS   shift, and go to state 98
    MINUS  shift, and go to state 99
    STAR   shift, and go to state 100
    DIV    shift, and go to state 101
    AND    shift, and go to state 102
    DOT    shift, and go to state 104
    LB     shift, and go to state 105

    $default  reduce using rule 61 (Exp)


State 136

   73 Exp: Exp DOT ID •

    $default  reduce using rule 73 (Exp)


State 137

   86 Exp: Exp LB error • RB

    RB  shift, and go to state 146


State 138

   59 Exp: Exp • ASSIGNOP Exp
   60    | Exp • AND Exp
   61    | Exp • OR Exp
   62    | Exp • RELOP Exp
   63    | Exp • PLUS Exp
   64    | Exp • MINUS Exp
   65    | Exp • STAR Exp
   66    | Exp • DIV Exp
   72    | Exp • LB Exp RB
   72    | Exp LB Exp • RB
   73    | Exp • DOT ID
   77    | Exp • ASSIGNOP error
   78    | Exp • AND error
   79    | Exp • OR error
   80    | Exp • RELOP error
   81    | Exp • PLUS error
   82    | Exp • MINUS error
   83    | Exp • STAR error
   84    | Exp • DIV error
   86    | Exp • LB error RB

    ASSIGNOP  shift, and go to state 96
    RELOP     shift, and go to state 97
    PLUS      shift, and go to state 98
    MINUS     shift, and go to state 99
    STAR      shift, and go to state 100
    DIV       shift, and go to state 101
    AND       shift, and go to state 102
    OR        shift, and go to state 103
    DOT       shift, and go to state 104
    LB        shift, and go to state 105
    RB        shift, and go to state 147


State 139

   49 Stmt: error LP Exp RP • Stmt

    error   shift, and go to state 64
    INT     shift, and go to state 65
    FLOAT   shift, and go to state 66
    ID      shift, and go to state 67
    MINUS   shift, and go to state 68
    NOT     shift, and go to state 69
    LP      shift, and go to state 70
    LC      shift, and go to state 31
    RETURN  shift, and go to state 71
    IF      shift, and go to state 72
    WHILE   shift, and go to state 73

    CompSt  go to state 74
    Stmt    go to state 148
    Exp     go to state 77


State 140

   85 Exp: ID LP error RP •

    $default  reduce using rule 85 (Exp)


State 141

   87 Args: Exp COMMA • Args

    INT    shift, and go to state 65
    FLOAT  shift, and go to state 66
    ID     shift, and go to state 67
    MINUS  shift, and go to state 68
    NOT    shift, and go to state 69
    LP     shift, and go to state 70

    Exp   go to state 113
    Args  go to state 149


State 142

   70 Exp: ID LP Args RP •

    $default  reduce using rule 70 (Exp)


State 143

   46 Stmt: IF LP error RP • Stmt
   48     | IF LP error RP • ELSE Stmt

    error   shift, and go to state 64
    INT     shift, and go to state 65
    FLOAT   shift, and go to state 66
    ID      shift, and go to state 67
    MINUS   shift, and go to state 68
    NOT     shift, and go to state 69
    LP      shift, and go to state 70
    LC      shift, and go to state 31
    RETURN  shift, and go to state 71
    IF      shift, and go to state 72
    ELSE    shift, and go to state 150
    WHILE   shift, and go to state 73

    CompSt  go to state 74
    Stmt    go to state 151
    Exp     go to state 77


State 144

   42 Stmt: IF LP Exp RP • Stmt
   43     | IF LP Exp RP • Stmt ELSE Stmt
   47     | IF LP Exp RP • error ELSE Stmt

    error   shift, and go to state 152
    INT     shift, and go to state 65
    FLOAT   shift, and go to state 66
    ID      shift, and go to state 67
    MINUS   shift, and go to state 68
    NOT     shift, and go to state 69
    LP      shift, and go to state 70
    LC      shift, and go to state 31
    RETURN  shift, and go to state 71
    IF      shift, and go to state 72
    WHILE   shift, and go to state 73

    CompSt  go to state 74
    Stmt    go to state 153
    Exp     go to state 77


State 145

   44 Stmt: WHILE LP Exp RP • Stmt

    error   shift, and go to state 64
    INT     shift, and go to state 65
    FLOAT   shift, and go to state 66
    ID      shift, and go to state 67
    MINUS   shift, and go to state 68
    NOT     shift, and go to state 69
    LP      shift, and go to state 70
    LC      shift, and go to state 31
    RETURN  shift, and go to state 71
    IF      shift, and go to state 72
    WHILE   shift, and go to state 73

    CompSt  go to state 74
    Stmt    go to state 154
    Exp     go to state 77


State 146

   86 Exp: Exp LB error RB •

    $default  reduce using rule 86 (Exp)


State 147

   72 Exp: Exp LB Exp RB •

    $default  reduce using rule 72 (Exp)


State 148

   49 Stmt: error LP Exp RP Stmt •

    $default  reduce using rule 49 (Stmt)


State 149

   87 Args: Exp COMMA Args •

    $default  reduce using rule 87 (Args)


State 150

   48 Stmt: IF LP error RP ELSE • Stmt

    error   shift, and go to state 64
    INT     shift, and go to state 65
    FLOAT   shift, and go to state 66
    ID      shift, and go to state 67
    MINUS   shift, and go to state 68
    NOT     shift, and go to state 69
    LP      shift, and go to state 70
    LC      shift, and go to state 31
    RETURN  shift, and go to state 71
    IF      shift, and go to state 72
    WHILE   shift, and go to state 73

    CompSt  go to state 74
    Stmt    go to state 155
    Exp     go to state 77


State 151

   46 Stmt: IF LP error RP Stmt •

    $default  reduce using rule 46 (Stmt)


State 152

   45 Stmt: error • SEMI
   47     | IF LP Exp RP error • ELSE Stmt
   49     | error • LP Exp RP Stmt

    SEMI  shift, and go to state 84
    LP    shift, and go to state 85
    ELSE  shift, and go to state 156


State 153

   42 Stmt: IF LP Exp RP Stmt •
   43     | IF LP Exp RP Stmt • ELSE Stmt

    ELSE  shift, and go to state 157

    $default  reduce using rule 42 (Stmt)


State 154

   44 Stmt: WHILE LP Exp RP Stmt •

    $default  reduce using rule 44 (Stmt)


State 155

   48 Stmt: IF LP error RP ELSE Stmt •

    $default  reduce using rule 48 (Stmt)


State 156

   47 Stmt: IF LP Exp RP error ELSE • Stmt

    error   shift, and go to state 64
    INT     shift, and go to state 65
    FLOAT   shift, and go to state 66
    ID      shift, and go to state 67
    MINUS   shift, and go to state 68
    NOT     shift, and go to state 69
    LP      shift, and go to state 70
    LC      shift, and go to state 31
    RETURN  shift, and go to state 71
    IF      shift, and go to state 72
    WHILE   shift, and go to state 73

    CompSt  go to state 74
    Stmt    go to state 158
    Exp     go to state 77


State 157

   43 Stmt: IF LP Exp RP Stmt ELSE • Stmt

    error   shift, and go to state 64
    INT     shift, and go to state 65
    FLOAT   shift, and go to state 66
    ID      shift, and go to state 67
    MINUS   shift, and go to state 68
    NOT     shift, and go to state 69
    LP      shift, and go to state 70
    LC      shift, and go to state 31
    RETURN  shift, and go to state 71
    IF      shift, and go to state 72
    WHILE   shift, and go to state 73

    CompSt  go to state 74
    Stmt    go to state 159
    Exp     go to state 77


State 158

   47 Stmt: IF LP Exp RP error ELSE Stmt •

    $default  reduce using rule 47 (Stmt)


State 159

   43 Stmt: IF LP Exp RP Stmt ELSE Stmt •

    $default  reduce using rule 43 (Stmt)
